Running LOCOMO benchmark...
(Long Conversation Memory — industry-standard benchmark)


--- Conversation 1/10: conv-26 ---
  Ingested 419 memories (419 embedded, graph: 2284 nodes, 2286 edges) in 183.26s
  [CORRECT] F1=0.00 (multi_hop) Q: When did Caroline go to the LGBTQ support group?...
  [WRONG] F1=0.00 (multi_hop) Q: When did Melanie paint a sunrise?...
  [CORRECT] F1=0.15 (temporal) Q: What fields would Caroline be likely to pursue in her educaton?...
  [CORRECT] F1=0.50 (single_hop) Q: What did Caroline research?...
  [CORRECT] F1=0.00 (single_hop) Q: What is Caroline's identity?...
  [WRONG] F1=0.00 (multi_hop) Q: When did Melanie run a charity race?...
  [WRONG] F1=0.00 (multi_hop) Q: When is Melanie planning on going camping?...
  [WRONG] F1=0.00 (single_hop) Q: What is Caroline's relationship status?...
  [CORRECT] F1=0.29 (multi_hop) Q: When did Caroline give a speech at a school?...
  [WRONG] F1=0.00 (multi_hop) Q: When did Caroline meet up with her friends, family, and mentors?...
  [WRONG] F1=0.00 (multi_hop) Q: How long has Caroline had her current group of friends for?...
  [WRONG] F1=0.00 (single_hop) Q: Where did Caroline move from 4 years ago?...
  [WRONG] F1=0.00 (multi_hop) Q: How long ago was Caroline's 18th birthday?...
  [WRONG] F1=0.00 (single_hop) Q: What career path has Caroline decided to persue?...
  [CORRECT] F1=0.25 (temporal) Q: Would Caroline still want to pursue counseling as a career if she hadn...
  [WRONG] F1=0.17 (single_hop) Q: What activities does Melanie partake in?...
  [WRONG] F1=0.00 (multi_hop) Q: When did Melanie sign up for a pottery class?...
  [CORRECT] F1=0.00 (multi_hop) Q: When is Caroline going to the transgender conference?...
  [WRONG] F1=0.00 (single_hop) Q: Where has Melanie camped?...
  [CORRECT] F1=0.29 (single_hop) Q: What do Melanie's kids like?...
  [CORRECT] F1=0.00 (multi_hop) Q: When did Melanie go to the museum?...
  [WRONG] F1=0.00 (multi_hop) Q: When did Caroline have a picnic?...
  [CORRECT] F1=0.50 (temporal) Q: Would Caroline likely have Dr. Seuss books on her bookshelf?...
  [WRONG] F1=0.00 (single_hop) Q: What books has Melanie read?...
  [CORRECT] F1=0.50 (single_hop) Q: What does Melanie do to destress?...
  [CORRECT] F1=0.00 (multi_hop) Q: When did Caroline go to the LGBTQ conference?...
  [CORRECT] F1=0.00 (multi_hop) Q: When did Melanie read the book "nothing is impossible"?...
  [CORRECT] F1=0.20 (temporal) Q: Would Caroline pursue writing as a career option?...
  [CORRECT] F1=0.29 (multi_hop) Q: When did Caroline go to the adoption meeting?...
  [WRONG] F1=0.00 (multi_hop) Q: When did Melanie go to the pottery workshop?...
  [WRONG] F1=0.08 (temporal) Q: Would Melanie be considered a member of the LGBTQ community?...
  [WRONG] F1=0.00 (multi_hop) Q: When did Melanie go camping in June?...
  [CORRECT] F1=0.44 (single_hop) Q: What LGBTQ+ events has Caroline participated in?...
  [WRONG] F1=0.00 (multi_hop) Q: When did Caroline go to a pride parade during the summer?...
  [WRONG] F1=0.00 (single_hop) Q: What events has Caroline participated in to help children?...
  [WRONG] F1=0.00 (multi_hop) Q: When did Melanie go camping in July?...
  [WRONG] F1=0.00 (multi_hop) Q: When did Caroline join a mentorship program?...
  [WRONG] F1=0.00 (single_hop) Q: What did Melanie paint recently?...
  [CORRECT] F1=0.15 (single_hop) Q: What activities has Melanie done with her family?...
  [CORRECT] F1=0.12 (single_hop) Q: In what ways is Caroline participating in the LGBTQ community?...
  [WRONG] F1=0.00 (single_hop) Q: How many times has Melanie gone to the beach in 2023?...
  [WRONG] F1=0.00 (multi_hop) Q: When did Caroline join a new activist group?...
  [CORRECT] F1=0.29 (temporal) Q: Would Melanie be more interested in going to a national park or a them...
  [WRONG] F1=0.00 (single_hop) Q: What kind of art does Caroline make?...
  [WRONG] F1=0.00 (multi_hop) Q: When is Melanie's daughter's birthday?...
  [WRONG] F1=0.00 (multi_hop) Q: When did Caroline attend a pride parade in August?...
  [CORRECT] F1=0.18 (temporal) Q: Would Melanie be considered an ally to the transgender community?...
  [CORRECT] F1=0.33 (single_hop) Q: Who supports Caroline when she has a negative experience?...
  [WRONG] F1=0.00 (single_hop) Q: What types of pottery have Melanie and her kids made?...
  [WRONG] F1=0.00 (multi_hop) Q: When did Caroline and Melanie go to a pride fesetival together?...
  [CORRECT] F1=0.00 (temporal) Q: What would Caroline's political leaning likely be?...
  [WRONG] F1=0.00 (single_hop) Q: What has Melanie painted?...
  [WRONG] F1=0.00 (single_hop) Q: What are Melanie's pets' names?...
  [CORRECT] F1=0.00 (multi_hop) Q: When did Caroline apply to adoption agencies?...
  [CORRECT] F1=0.29 (multi_hop) Q: When did Caroline draw a self-portrait?...
  [WRONG] F1=0.00 (single_hop) Q: What subject have Caroline and Melanie both painted?...
  [WRONG] F1=0.00 (single_hop) Q: What symbols are important to Caroline?...
  [CORRECT] F1=0.29 (multi_hop) Q: When did Caroline encounter people on a hike and have a negative exper...
  [WRONG] F1=0.00 (multi_hop) Q: When did Melanie make a plate in pottery class?...
  [WRONG] F1=0.13 (temporal) Q: Would Caroline be considered religious?...
  [WRONG] F1=0.00 (single_hop) Q: What instruments does Melanie play?...
  [WRONG] F1=0.00 (single_hop) Q: What musical artists/bands has Melanie seen?...
  [CORRECT] F1=0.00 (multi_hop) Q: When did Melanie go to the park?...
  [CORRECT] F1=0.00 (multi_hop) Q: When is Caroline's youth center putting on a talent show?...
  [CORRECT] F1=0.43 (temporal) Q: Would Melanie likely enjoy the song "The Four Seasons" by Vivaldi?...
  [CORRECT] F1=0.12 (single_hop) Q: What are some changes Caroline has faced during her transition journey...
  [CORRECT] F1=0.00 (single_hop) Q: What does Melanie do with her family on hikes?...
  [WRONG] F1=0.00 (multi_hop) Q: When did Caroline go biking with friends?...
  [WRONG] F1=0.00 (multi_hop) Q: How long has Melanie been practicing art?...
  [CORRECT] F1=0.00 (temporal) Q: What personality traits might Melanie say Caroline has?...
  [WRONG] F1=0.00 (single_hop) Q: What transgender-specific events has Caroline attended?...
  [WRONG] F1=0.00 (single_hop) Q: What book did Melanie read from Caroline's suggestion?...
  [WRONG] F1=0.00 (multi_hop) Q: When did Melanie's friend adopt a child?...
  [WRONG] F1=0.00 (multi_hop) Q: When did Melanie get hurt?...
  [CORRECT] F1=0.25 (multi_hop) Q: When did Melanie's family go on a roadtrip?...
  [WRONG] F1=0.00 (single_hop) Q: How many children does Melanie have?...
  [CORRECT] F1=0.00 (single_hop) Q: When did Melanie go on a hike after the roadtrip?...
  [WRONG] F1=0.10 (temporal) Q: Would Melanie go on another roadtrip soon?...
  [CORRECT] F1=0.67 (single_hop) Q: What items has Melanie bought?...
  [CORRECT] F1=0.29 (multi_hop) Q: When did Caroline pass the adoption interview?...
  [CORRECT] F1=0.00 (multi_hop) Q: When did Melanie buy the figurines?...
  [CORRECT] F1=0.12 (temporal) Q: Would Caroline want to move back to her home country soon?...
  [CORRECT] F1=1.00 (open_domain) Q: What did the charity race raise awareness for?...
  [WRONG] F1=0.17 (open_domain) Q: What did Melanie realize after the charity race?...
  [CORRECT] F1=0.00 (open_domain) Q: How does Melanie prioritize self-care?...
  [WRONG] F1=0.00 (open_domain) Q: What are Caroline's plans for the summer?...
  [WRONG] F1=0.00 (open_domain) Q: What type of individuals does the adoption agency Caroline is consider...
  [WRONG] F1=0.11 (open_domain) Q: Why did Caroline choose the adoption agency?...
  [CORRECT] F1=0.22 (open_domain) Q: What is Caroline excited about in the adoption process?...
  [CORRECT] F1=0.17 (open_domain) Q: What does Melanie think about Caroline's decision to adopt?...
  [WRONG] F1=0.00 (open_domain) Q: How long have Mel and her husband been married?...
  [WRONG] F1=0.00 (open_domain) Q: What does Caroline's necklace symbolize?...
  [CORRECT] F1=1.00 (open_domain) Q: What country is Caroline's grandma from?...
  [CORRECT] F1=1.00 (open_domain) Q: What was grandma's gift to Caroline?...
  [CORRECT] F1=1.00 (open_domain) Q: What is Melanie's hand-painted bowl a reminder of?...
  [CORRECT] F1=0.20 (open_domain) Q: What did Melanie and her family do while camping?...
  [WRONG] F1=0.00 (open_domain) Q: What kind of counseling and mental health services is Caroline interes...
  [WRONG] F1=0.25 (open_domain) Q: What workshop did Caroline attend recently?...
  [CORRECT] F1=0.59 (open_domain) Q: What was discussed in the LGBTQ+ counseling workshop?...
